<?xml version="1.0" encoding="UTF-8"?>
<!-- Generated by org.testng.reporters.JUnitReportReporter -->
<testsuite hostname="SUBHASH" failures="0" tests="1" name="test.Alazhartest" time="9.213" errors="0" timestamp="2023-06-30T16:42:41 IST" skipped="0">
  <testcase classname="test.Alazhartest" name="test" time="9.213"/>
  <system-out/>
</testsuite> <!-- test.Alazhartest -->
