<?xml version="1.0" encoding="UTF-8"?>
<!-- Generated by org.testng.reporters.JUnitReportReporter -->
<testsuite hostname="SUBHASH" failures="0" tests="1" name="test.Alazhartest2" time="51.604" errors="0" timestamp="2023-06-28T23:40:42 IST" skipped="0">
  <testcase classname="test.Alazhartest2" name="test1" time="51.604"/>
  <system-out/>
</testsuite> <!-- test.Alazhartest2 -->
