<?xml version="1.0" encoding="UTF-8"?>
<!-- Generated by org.testng.reporters.JUnitReportReporter -->
<testsuite hostname="SUBHASH" failures="0" tests="1" name="test.Alazhartest2" time="32.427" errors="0" timestamp="2023-06-30T17:13:21 IST" skipped="0">
  <testcase classname="test.Alazhartest2" name="test1" time="32.427"/>
  <system-out/>
</testsuite> <!-- test.Alazhartest2 -->
