<?xml version="1.0" encoding="UTF-8"?>
<!-- Generated by org.testng.reporters.JUnitReportReporter -->
<testsuite hostname="SUBHASH" failures="0" tests="1" name="test.Alazhartest" time="3.423" errors="0" timestamp="2023-06-28T23:36:35 IST" skipped="0">
  <testcase classname="test.Alazhartest" name="test" time="3.423"/>
  <system-out/>
</testsuite> <!-- test.Alazhartest -->
